<?xml version="1.0" encoding="UTF-8"?>
<testng-results skipped="0" failed="0" ignored="0" total="1" passed="1">
  <reporter-output>
  </reporter-output>
  <suite name="Default suite" duration-ms="14996" started-at="2020-05-01T11:56:13 EDT" finished-at="2020-05-01T11:56:28 EDT">
    <groups>
    </groups>
    <test name="Default test" duration-ms="14996" started-at="2020-05-01T11:56:13 EDT" finished-at="2020-05-01T11:56:28 EDT">
      <class name="main.VerifyTitle">
        <test-method status="PASS" signature="verifyTitle()[pri:0, instance:main.VerifyTitle@369f73a2]" name="verifyTitle" duration-ms="14943" started-at="2020-05-01T11:56:13 EDT" finished-at="2020-05-01T11:56:28 EDT">
          <reporter-output>
          </reporter-output>
        </test-method> <!-- verifyTitle -->
      </class> <!-- main.VerifyTitle -->
    </test> <!-- Default test -->
  </suite> <!-- Default suite -->
</testng-results>
